c:\itc\itc\itc\x64\debug\vc143.pdb
c:\itc\itc\itc\x64\debug\vc143.idb
c:\itc\itc\itc\x64\debug\star.obj
c:\itc\itc\itc\x64\debug\ship.obj
c:\itc\itc\itc\x64\debug\sdlimageloader.obj
c:\itc\itc\itc\x64\debug\rendering.obj
c:\itc\itc\itc\x64\debug\physics.obj
c:\itc\itc\itc\x64\debug\movement.obj
c:\itc\itc\itc\x64\debug\main.obj
c:\itc\itc\itc\x64\debug\gamescene.obj
c:\itc\itc\itc\x64\debug\player.obj
c:\itc\itc\itc\x64\debug\sdlfontloader.obj
c:\itc\itc\itc\x64\debug\label.obj
c:\itc\itc\x64\debug\itc.exe
c:\itc\itc\itc\x64\debug\itc.ilk
c:\itc\itc\x64\debug\itc.pdb
c:\itc\itc\itc\x64\debug\itc.tlog\cl.command.1.tlog
c:\itc\itc\itc\x64\debug\itc.tlog\cl.items.tlog
c:\itc\itc\itc\x64\debug\itc.tlog\cl.read.1.tlog
c:\itc\itc\itc\x64\debug\itc.tlog\cl.write.1.tlog
c:\itc\itc\itc\x64\debug\itc.tlog\link.941388-cvtres.read.1.tlog
c:\itc\itc\itc\x64\debug\itc.tlog\link.941388-cvtres.write.1.tlog
c:\itc\itc\itc\x64\debug\itc.tlog\link.941388-rc.read.1.tlog
c:\itc\itc\itc\x64\debug\itc.tlog\link.941388-rc.write.1.tlog
c:\itc\itc\itc\x64\debug\itc.tlog\link.941388.read.1.tlog
c:\itc\itc\itc\x64\debug\itc.tlog\link.941388.read.2.tlog
c:\itc\itc\itc\x64\debug\itc.tlog\link.941388.write.1.tlog
c:\itc\itc\itc\x64\debug\itc.tlog\link.command.1.tlog
c:\itc\itc\itc\x64\debug\itc.tlog\link.read.1.tlog
c:\itc\itc\itc\x64\debug\itc.tlog\link.write.1.tlog
